<?xml version="1.0" encoding="UTF-8"?>
<!-- Generated by org.testng.reporters.JUnitReportReporter -->
<testsuite hostname="VE7D00008846" name="com.atdd.demo.runners.RunDemoTest" tests="1" failures="0" timestamp="4 Sep 2018 11:05:19 GMT" time="24.719" errors="0">
  <testcase name="feature" time="24.719" classname="com.atdd.demo.runners.RunDemoTest"/>
</testsuite> <!-- com.atdd.demo.runners.RunDemoTest -->
