<?xml version="1.0" encoding="UTF-8"?>
<!-- Generated by org.testng.reporters.JUnitReportReporter -->
<testsuite hostname="LH7U05CG6504FXZ" name="com.atdd.demo.runners.RunDemoTest" tests="1" failures="0" timestamp="19 Mar 2018 07:16:54 GMT" time="19.822" errors="0">
  <testcase name="feature" time="19.822" classname="com.atdd.demo.runners.RunDemoTest"/>
</testsuite> <!-- com.atdd.demo.runners.RunDemoTest -->
