<?xml version="1.0" encoding="UTF-8"?>
<!-- Generated by org.testng.reporters.JUnitReportReporter -->
<testsuite hostname="VE7D00008846" name="com.atdd.demo.runners.RunDemoTest" tests="1" failures="0" timestamp="19 Jul 2018 20:17:30 GMT" time="325.330" errors="0">
  <testcase name="feature" time="325.330" classname="com.atdd.demo.runners.RunDemoTest"/>
</testsuite> <!-- com.atdd.demo.runners.RunDemoTest -->
