<?xml version="1.0" encoding="UTF-8"?>
<!-- Generated by org.testng.reporters.JUnitReportReporter -->
<<<<<<< HEAD
<testsuite hostname="LH7U05CG636322G" name="com.atdd.demo.runners.RunDemoTest" tests="1" failures="0" timestamp="8 Oct 2018 14:20:25 GMT" time="220.560" errors="1">
  <testcase name="feature" time="220.560" classname="com.atdd.demo.runners.RunDemoTest">
    <error type="cucumber.runtime.CucumberException" message="java.lang.AssertionError: The text is not entered.Screenshot captured">
      <![CDATA[cucumber.runtime.CucumberException: java.lang.AssertionError: The text is not entered.Screenshot captured
=======
<testsuite hostname="VE7D00008846" name="com.atdd.demo.runners.RunDemoTest" tests="1" failures="0" timestamp="20 Sep 2018 22:59:30 GMT" time="215.703" errors="1">
  <testcase name="feature" time="215.703" classname="com.atdd.demo.runners.RunDemoTest">
    <error type="cucumber.runtime.CucumberException" message="java.lang.AssertionError: The text Date Thru cannot be more than one day less than Date From. does not match on the screen.Screenshot captured.">
      <![CDATA[cucumber.runtime.CucumberException: java.lang.AssertionError: The text Date Thru cannot be more than one day less than Date From. does not match on the screen.Screenshot captured.
>>>>>>> 0a5de481a227d2798a432f4ce122818c79374731
	at cucumber.api.testng.TestNGCucumberRunner.runCucumber(TestNGCucumberRunner.java:69)
	at cucumber.api.testng.AbstractTestNGCucumberTests.feature(AbstractTestNGCucumberTests.java:21)
	at sun.reflect.NativeMethodAccessorImpl.invoke0(Native Method)
	at sun.reflect.NativeMethodAccessorImpl.invoke(NativeMethodAccessorImpl.java:62)
	at sun.reflect.DelegatingMethodAccessorImpl.invoke(DelegatingMethodAccessorImpl.java:43)
	at java.lang.reflect.Method.invoke(Method.java:498)
	at org.testng.internal.MethodInvocationHelper.invokeMethod(MethodInvocationHelper.java:85)
	at org.testng.internal.Invoker.invokeMethod(Invoker.java:639)
	at org.testng.internal.Invoker.invokeTestMethod(Invoker.java:816)
	at org.testng.internal.Invoker.invokeTestMethods(Invoker.java:1124)
	at org.testng.internal.TestMethodWorker.invokeTestMethods(TestMethodWorker.java:125)
	at org.testng.internal.TestMethodWorker.run(TestMethodWorker.java:108)
	at org.testng.TestRunner.privateRun(TestRunner.java:774)
	at org.testng.TestRunner.run(TestRunner.java:624)
	at org.testng.SuiteRunner.runTest(SuiteRunner.java:359)
	at org.testng.SuiteRunner.runSequentially(SuiteRunner.java:354)
	at org.testng.SuiteRunner.privateRun(SuiteRunner.java:312)
	at org.testng.SuiteRunner.run(SuiteRunner.java:261)
	at org.testng.SuiteRunnerWorker.runSuite(SuiteRunnerWorker.java:52)
	at org.testng.SuiteRunnerWorker.run(SuiteRunnerWorker.java:86)
	at org.testng.TestNG.runSuitesSequentially(TestNG.java:1215)
	at org.testng.TestNG.runSuitesLocally(TestNG.java:1140)
	at org.testng.TestNG.run(TestNG.java:1048)
	at org.testng.remote.AbstractRemoteTestNG.run(AbstractRemoteTestNG.java:126)
	at org.testng.remote.RemoteTestNG.initAndRun(RemoteTestNG.java:137)
	at org.testng.remote.RemoteTestNG.main(RemoteTestNG.java:58)
<<<<<<< HEAD
Caused by: java.lang.AssertionError: The text is not entered.Screenshot captured
	at org.testng.Assert.fail(Assert.java:94)
	at com.atdd.te.screenHelpers.FunctionalLibrary.enterText(FunctionalLibrary.java:944)
	at com.atdd.demo.te.stepdefinitons.ClaimStatusAndMessage.i_add_messages_to_Paid_claim(ClaimStatusAndMessage.java:127)
	at ✽.When I add messages to Paid claim "8403","RCPDMP","TCL","20","1"(features/RxClaim/SWATHI/SN003292/SN003292_TC02.feature:36)
=======
Caused by: java.lang.AssertionError: The text Date Thru cannot be more than one day less than Date From. does not match on the screen.Screenshot captured.
	at org.testng.Assert.fail(Assert.java:94)
	at com.optumrx.autofusion.core.te.util.Mainframe_GlobalFunctionLib.validateText(Mainframe_GlobalFunctionLib.java:231)
	at com.atdd.te.screenHelpers.FunctionalLibrary.validateText(FunctionalLibrary.java:1901)
	at com.atdd.demo.te.stepdefinitons.SR_41709.verify_Thru_Date_New_error_message_on_Plan_Biosimilar_Product_List_Create_Record_Detail_screen(SR_41709.java:935)
	at ✽.Then Verify Thru Date New error message on Plan Biosimilar Product List Create Record Detail screen  "10199","Date Thru cannot be more than one day less than Date From."(features/RxClaim/featureFiles/SR41709/SR41709_TC01-TC130.feature:691)
>>>>>>> 0a5de481a227d2798a432f4ce122818c79374731
]]>
    </error>
  </testcase> <!-- feature -->
</testsuite> <!-- com.atdd.demo.runners.RunDemoTest -->
