<?xml version="1.0" encoding="UTF-8"?>
<!-- Generated by org.testng.reporters.JUnitReportReporter -->
<testsuite hostname="VE7D00008846" name="com.atdd.demo.runners.RunDemoTest" tests="1" failures="0" timestamp="24 Sep 2018 09:51:44 GMT" time="172.765" errors="0">
  <testcase name="feature" time="172.765" classname="com.atdd.demo.runners.RunDemoTest"/>
</testsuite> <!-- com.atdd.demo.runners.RunDemoTest -->
