<?xml version="1.0" encoding="UTF-8"?>
<!-- Generated by org.testng.reporters.JUnitReportReporter -->
<testsuite hostname="VE7D00008846" name="com.atdd.demo.runners.RunDemoTest" tests="1" failures="0" timestamp="14 Aug 2018 19:56:29 GMT" time="94.406" errors="0">
  <testcase name="feature" time="94.406" classname="com.atdd.demo.runners.RunDemoTest"/>
</testsuite> <!-- com.atdd.demo.runners.RunDemoTest -->
