<?xml version="1.0" encoding="UTF-8"?>
<!-- Generated by org.testng.reporters.JUnitReportReporter -->
<testsuite hostname="LH7U05CG6504FXZ" name="runners.RunDemoTest" tests="1" failures="0" timestamp="30 Sep 2017 15:24:30 GMT" time="103.690" errors="1">
  <testcase name="feature" time="103.690" classname="runners.RunDemoTest">
    <error type="cucumber.runtime.CucumberException" message="org.openqa.selenium.WebDriverException: Failed to connect to binary FirefoxBinary(C:\Program Files (x86)\Mozilla Firefox\firefox.exe) on port 7055; process output follows: 
ionsType&quot;:null,&quot;aboutURL&quot;:null,&quot;icons&quot;:{},&quot;iconURL&quot;:null,&quot;icon64URL&quot;:null,&quot;defaultLocale&quot;:{&quot;name&quot;:&quot;Jabber Calls Add-on&quot;,&quot;description&quot;:&quot;Initiate Jabber Calls from web page&quot;,&quot;creator&quot;:&quot;Cisco Systems, Inc.&quot;,&quot;homepageURL&quot;:null},&quot;visible&quot;:true,&quot;active&quot;:false,&quot;userDisabled&quot;:true,&quot;appDisabled&quot;:false,&quot;descriptor&quot;:&quot;C:\\Program Files (x86)\\Cisco Systems\\Cisco Jabber\\Plugins\\Click2XPlugin\\jabber_calls_add_on-11.5.0002-fx-windows.xpi&quot;,&quot;installDate&quot;:1453830508000,&quot;updateDate&quot;:1453830508000,&quot;applyBackgroundUpdates&quot;:1,&quot;bootstrap&quot;:true,&quot;skinnable&quot;:false,&quot;size&quot;:8519,&quot;sourceURI&quot;:null,&quot;releaseNotesURI&quot;:null,&quot;softDisabled&quot;:false,&quot;foreignInstall&quot;:true,&quot;hasBinaryComponents&quot;:false,&quot;strictCompatibility&quot;:false,&quot;locales&quot;:[],&quot;targetApplications&quot;:[{&quot;id&quot;:&quot;{ec8030f7-c20a-464f-9b0e-13a3a9e97384}&quot;,&quot;minVersion&quot;:&quot;38.0a1&quot;,&quot;maxVersion&quot;:&quot;43.0&quot;}],&quot;targetPlatforms&quot;:[],&quot;multiprocessCompatible&quot;:false,&quot;signedState&quot;:2,&quot;seen&quot;:true,&quot;dependencies&quot;:[],&quot;hasEmbeddedWebExtension&quot;:false,&quot;mpcOptedOut&quot;:false}
1506784974212	DeferredSave.extensions.json	DEBUG	Save changes
1506784974212	addons.xpi	DEBUG	Updating database with changes to installed add-ons
1506784974212	addons.xpi-utils	DEBUG	Updating add-on states
1506784974216	addons.xpi-utils	DEBUG	Writing add-ons list
1506784974225	addons.xpi	DEBUG	Registering manifest for C:\Program Files (x86)\Mozilla Firefox\browser\features\aushelper@mozilla.org.xpi
1506784974226	addons.xpi	DEBUG	Calling bootstrap method startup on aushelper@mozilla.org version 2.0
1506784974228	addons.xpi	DEBUG	Registering manifest for C:\Program Files (x86)\Mozilla Firefox\browser\features\e10srollout@mozilla.org.xpi
1506784974229	addons.xpi	DEBUG	Calling bootstrap method startup on e10srollout@mozilla.org version 1.10
1506784974229	addons.xpi	DEBUG	Registering manifest for C:\Program Files (x86)\Mozilla Firefox\browser\features\firefox@getpocket.com.xpi
1506784974230	addons.xpi	DEBUG	Calling bootstrap method startup on firefox@getpocket.com version 1.0.5
1506784974231	addons.xpi	DEBUG	Registering manifest for C:\Program Files (x86)\Mozilla Firefox\browser\features\webcompat@mozilla.org.xpi
1506784974232	addons.xpi	DEBUG	Calling bootstrap method startup on webcompat@mozilla.org version 1.0
1506784974235	addons.manager	DEBUG	Registering shutdown blocker for XPIProvider
1506784974235	addons.manager	DEBUG	Provider finished startup: XPIProvider
1506784974235	addons.manager	DEBUG	Starting provider: LightweightThemeManager
1506784974235	addons.manager	DEBUG	Registering shutdown blocker for LightweightThemeManager
1506784974236	addons.manager	DEBUG	Provider finished startup: LightweightThemeManager
1506784974236	addons.manager	DEBUG	Starting provider: GMPProvider
1506784974253	addons.manager	DEBUG	Registering shutdown blocker for GMPProvider
1506784974254	addons.manager	DEBUG	Provider finished startup: GMPProvider
1506784974254	addons.manager	DEBUG	Starting provider: PluginProvider
1506784974254	addons.manager	DEBUG	Registering shutdown blocker for PluginProvider
1506784974255	addons.manager	DEBUG	Provider finished startup: PluginProvider
1506784974255	addons.manager	DEBUG	Completed startup sequence
1506784975389	DeferredSave.extensions.json	DEBUG	Starting write
1506784975600	addons.repository	DEBUG	No addons.json found.
1506784975602	DeferredSave.addons.json	DEBUG	Save changes
1506784975608	DeferredSave.addons.json	DEBUG	Starting timer
1506784975634	addons.manager	DEBUG	Starting provider: PreviousExperimentProvider
1506784975634	addons.manager	DEBUG	Registering shutdown blocker for PreviousExperimentProvider
1506784975634	addons.manager	DEBUG	Provider finished startup: PreviousExperimentProvider
1506784975636	DeferredSave.extensions.json	DEBUG	Write succeeded
1506784975663	DeferredSave.addons.json	DEBUG	Starting write
1506784975924	DeferredSave.addons.json	DEBUG	Write succeeded
1506784977048	addons.manager	DEBUG	Starting provider: &lt;unnamed-provider&gt;
1506784977048	addons.manager	DEBUG	Registering shutdown blocker for &lt;unnamed-provider&gt;
1506784977049	addons.manager	DEBUG	Provider finished startup: &lt;unnamed-provider&gt;

Build info: version: &#039;2.53.0&#039;, revision: &#039;35ae25b1534ae328c771e0856c93e187490ca824&#039;, time: &#039;2016-03-15 10:43:46&#039;
System info: host: &#039;LH7U05CG6504FXZ&#039;, ip: &#039;192.168.0.5&#039;, os.name: &#039;Windows 7&#039;, os.arch: &#039;amd64&#039;, os.version: &#039;6.1&#039;, java.version: &#039;1.8.0_91&#039;
Driver info: driver.version: FirefoxDriver">
      <![CDATA[cucumber.runtime.CucumberException: org.openqa.selenium.WebDriverException: Failed to connect to binary FirefoxBinary(C:\Program Files (x86)\Mozilla Firefox\firefox.exe) on port 7055; process output follows: 
ionsType":null,"aboutURL":null,"icons":{},"iconURL":null,"icon64URL":null,"defaultLocale":{"name":"Jabber Calls Add-on","description":"Initiate Jabber Calls from web page","creator":"Cisco Systems, Inc.","homepageURL":null},"visible":true,"active":false,"userDisabled":true,"appDisabled":false,"descriptor":"C:\\Program Files (x86)\\Cisco Systems\\Cisco Jabber\\Plugins\\Click2XPlugin\\jabber_calls_add_on-11.5.0002-fx-windows.xpi","installDate":1453830508000,"updateDate":1453830508000,"applyBackgroundUpdates":1,"bootstrap":true,"skinnable":false,"size":8519,"sourceURI":null,"releaseNotesURI":null,"softDisabled":false,"foreignInstall":true,"hasBinaryComponents":false,"strictCompatibility":false,"locales":[],"targetApplications":[{"id":"{ec8030f7-c20a-464f-9b0e-13a3a9e97384}","minVersion":"38.0a1","maxVersion":"43.0"}],"targetPlatforms":[],"multiprocessCompatible":false,"signedState":2,"seen":true,"dependencies":[],"hasEmbeddedWebExtension":false,"mpcOptedOut":false}
1506784974212	DeferredSave.extensions.json	DEBUG	Save changes
1506784974212	addons.xpi	DEBUG	Updating database with changes to installed add-ons
1506784974212	addons.xpi-utils	DEBUG	Updating add-on states
1506784974216	addons.xpi-utils	DEBUG	Writing add-ons list
1506784974225	addons.xpi	DEBUG	Registering manifest for C:\Program Files (x86)\Mozilla Firefox\browser\features\aushelper@mozilla.org.xpi
1506784974226	addons.xpi	DEBUG	Calling bootstrap method startup on aushelper@mozilla.org version 2.0
1506784974228	addons.xpi	DEBUG	Registering manifest for C:\Program Files (x86)\Mozilla Firefox\browser\features\e10srollout@mozilla.org.xpi
1506784974229	addons.xpi	DEBUG	Calling bootstrap method startup on e10srollout@mozilla.org version 1.10
1506784974229	addons.xpi	DEBUG	Registering manifest for C:\Program Files (x86)\Mozilla Firefox\browser\features\firefox@getpocket.com.xpi
1506784974230	addons.xpi	DEBUG	Calling bootstrap method startup on firefox@getpocket.com version 1.0.5
1506784974231	addons.xpi	DEBUG	Registering manifest for C:\Program Files (x86)\Mozilla Firefox\browser\features\webcompat@mozilla.org.xpi
1506784974232	addons.xpi	DEBUG	Calling bootstrap method startup on webcompat@mozilla.org version 1.0
1506784974235	addons.manager	DEBUG	Registering shutdown blocker for XPIProvider
1506784974235	addons.manager	DEBUG	Provider finished startup: XPIProvider
1506784974235	addons.manager	DEBUG	Starting provider: LightweightThemeManager
1506784974235	addons.manager	DEBUG	Registering shutdown blocker for LightweightThemeManager
1506784974236	addons.manager	DEBUG	Provider finished startup: LightweightThemeManager
1506784974236	addons.manager	DEBUG	Starting provider: GMPProvider
1506784974253	addons.manager	DEBUG	Registering shutdown blocker for GMPProvider
1506784974254	addons.manager	DEBUG	Provider finished startup: GMPProvider
1506784974254	addons.manager	DEBUG	Starting provider: PluginProvider
1506784974254	addons.manager	DEBUG	Registering shutdown blocker for PluginProvider
1506784974255	addons.manager	DEBUG	Provider finished startup: PluginProvider
1506784974255	addons.manager	DEBUG	Completed startup sequence
1506784975389	DeferredSave.extensions.json	DEBUG	Starting write
1506784975600	addons.repository	DEBUG	No addons.json found.
1506784975602	DeferredSave.addons.json	DEBUG	Save changes
1506784975608	DeferredSave.addons.json	DEBUG	Starting timer
1506784975634	addons.manager	DEBUG	Starting provider: PreviousExperimentProvider
1506784975634	addons.manager	DEBUG	Registering shutdown blocker for PreviousExperimentProvider
1506784975634	addons.manager	DEBUG	Provider finished startup: PreviousExperimentProvider
1506784975636	DeferredSave.extensions.json	DEBUG	Write succeeded
1506784975663	DeferredSave.addons.json	DEBUG	Starting write
1506784975924	DeferredSave.addons.json	DEBUG	Write succeeded
1506784977048	addons.manager	DEBUG	Starting provider: <unnamed-provider>
1506784977048	addons.manager	DEBUG	Registering shutdown blocker for <unnamed-provider>
1506784977049	addons.manager	DEBUG	Provider finished startup: <unnamed-provider>

Build info: version: '2.53.0', revision: '35ae25b1534ae328c771e0856c93e187490ca824', time: '2016-03-15 10:43:46'
System info: host: 'LH7U05CG6504FXZ', ip: '192.168.0.5', os.name: 'Windows 7', os.arch: 'amd64', os.version: '6.1', java.version: '1.8.0_91'
Driver info: driver.version: FirefoxDriver
	at cucumber.api.testng.TestNGCucumberRunner.runCucumber(TestNGCucumberRunner.java:69)
	at cucumber.api.testng.AbstractTestNGCucumberTests.feature(AbstractTestNGCucumberTests.java:21)
	at sun.reflect.NativeMethodAccessorImpl.invoke0(Native Method)
	at sun.reflect.NativeMethodAccessorImpl.invoke(NativeMethodAccessorImpl.java:62)
	at sun.reflect.DelegatingMethodAccessorImpl.invoke(DelegatingMethodAccessorImpl.java:43)
	at java.lang.reflect.Method.invoke(Method.java:498)
	at org.testng.internal.MethodInvocationHelper.invokeMethod(MethodInvocationHelper.java:85)
	at org.testng.internal.Invoker.invokeMethod(Invoker.java:639)
	at org.testng.internal.Invoker.invokeTestMethod(Invoker.java:816)
	at org.testng.internal.Invoker.invokeTestMethods(Invoker.java:1124)
	at org.testng.internal.TestMethodWorker.invokeTestMethods(TestMethodWorker.java:125)
	at org.testng.internal.TestMethodWorker.run(TestMethodWorker.java:108)
	at org.testng.TestRunner.privateRun(TestRunner.java:774)
	at org.testng.TestRunner.run(TestRunner.java:624)
	at org.testng.SuiteRunner.runTest(SuiteRunner.java:359)
	at org.testng.SuiteRunner.runSequentially(SuiteRunner.java:354)
	at org.testng.SuiteRunner.privateRun(SuiteRunner.java:312)
	at org.testng.SuiteRunner.run(SuiteRunner.java:261)
	at org.testng.SuiteRunnerWorker.runSuite(SuiteRunnerWorker.java:52)
	at org.testng.SuiteRunnerWorker.run(SuiteRunnerWorker.java:86)
	at org.testng.TestNG.runSuitesSequentially(TestNG.java:1215)
	at org.testng.TestNG.runSuitesLocally(TestNG.java:1140)
	at org.testng.TestNG.run(TestNG.java:1048)
	at org.testng.remote.AbstractRemoteTestNG.run(AbstractRemoteTestNG.java:126)
	at org.testng.remote.RemoteTestNG.initAndRun(RemoteTestNG.java:137)
	at org.testng.remote.RemoteTestNG.main(RemoteTestNG.java:58)
Caused by: org.openqa.selenium.WebDriverException: Failed to connect to binary FirefoxBinary(C:\Program Files (x86)\Mozilla Firefox\firefox.exe) on port 7055; process output follows: 
ionsType":null,"aboutURL":null,"icons":{},"iconURL":null,"icon64URL":null,"defaultLocale":{"name":"Jabber Calls Add-on","description":"Initiate Jabber Calls from web page","creator":"Cisco Systems, Inc.","homepageURL":null},"visible":true,"active":false,"userDisabled":true,"appDisabled":false,"descriptor":"C:\\Program Files (x86)\\Cisco Systems\\Cisco Jabber\\Plugins\\Click2XPlugin\\jabber_calls_add_on-11.5.0002-fx-windows.xpi","installDate":1453830508000,"updateDate":1453830508000,"applyBackgroundUpdates":1,"bootstrap":true,"skinnable":false,"size":8519,"sourceURI":null,"releaseNotesURI":null,"softDisabled":false,"foreignInstall":true,"hasBinaryComponents":false,"strictCompatibility":false,"locales":[],"targetApplications":[{"id":"{ec8030f7-c20a-464f-9b0e-13a3a9e97384}","minVersion":"38.0a1","maxVersion":"43.0"}],"targetPlatforms":[],"multiprocessCompatible":false,"signedState":2,"seen":true,"dependencies":[],"hasEmbeddedWebExtension":false,"mpcOptedOut":false}
1506784974212	DeferredSave.extensions.json	DEBUG	Save changes
1506784974212	addons.xpi	DEBUG	Updating database with changes to installed add-ons
1506784974212	addons.xpi-utils	DEBUG	Updating add-on states
1506784974216	addons.xpi-utils	DEBUG	Writing add-ons list
1506784974225	addons.xpi	DEBUG	Registering manifest for C:\Program Files (x86)\Mozilla Firefox\browser\features\aushelper@mozilla.org.xpi
1506784974226	addons.xpi	DEBUG	Calling bootstrap method startup on aushelper@mozilla.org version 2.0
1506784974228	addons.xpi	DEBUG	Registering manifest for C:\Program Files (x86)\Mozilla Firefox\browser\features\e10srollout@mozilla.org.xpi
1506784974229	addons.xpi	DEBUG	Calling bootstrap method startup on e10srollout@mozilla.org version 1.10
1506784974229	addons.xpi	DEBUG	Registering manifest for C:\Program Files (x86)\Mozilla Firefox\browser\features\firefox@getpocket.com.xpi
1506784974230	addons.xpi	DEBUG	Calling bootstrap method startup on firefox@getpocket.com version 1.0.5
1506784974231	addons.xpi	DEBUG	Registering manifest for C:\Program Files (x86)\Mozilla Firefox\browser\features\webcompat@mozilla.org.xpi
1506784974232	addons.xpi	DEBUG	Calling bootstrap method startup on webcompat@mozilla.org version 1.0
1506784974235	addons.manager	DEBUG	Registering shutdown blocker for XPIProvider
1506784974235	addons.manager	DEBUG	Provider finished startup: XPIProvider
1506784974235	addons.manager	DEBUG	Starting provider: LightweightThemeManager
1506784974235	addons.manager	DEBUG	Registering shutdown blocker for LightweightThemeManager
1506784974236	addons.manager	DEBUG	Provider finished startup: LightweightThemeManager
1506784974236	addons.manager	DEBUG	Starting provider: GMPProvider
1506784974253	addons.manager	DEBUG	Registering shutdown blocker for GMPProvider
1506784974254	addons.manager	DEBUG	Provider finished startup: GMPProvider
1506784974254	addons.manager	DEBUG	Starting provider: PluginProvider
1506784974254	addons.manager	DEBUG	Registering shutdown blocker for PluginProvider
1506784974255	addons.manager	DEBUG	Provider finished startup: PluginProvider
1506784974255	addons.manager	DEBUG	Completed startup sequence
1506784975389	DeferredSave.extensions.json	DEBUG	Starting write
1506784975600	addons.repository	DEBUG	No addons.json found.
1506784975602	DeferredSave.addons.json	DEBUG	Save changes
1506784975608	DeferredSave.addons.json	DEBUG	Starting timer
1506784975634	addons.manager	DEBUG	Starting provider: PreviousExperimentProvider
1506784975634	addons.manager	DEBUG	Registering shutdown blocker for PreviousExperimentProvider
1506784975634	addons.manager	DEBUG	Provider finished startup: PreviousExperimentProvider
1506784975636	DeferredSave.extensions.json	DEBUG	Write succeeded
1506784975663	DeferredSave.addons.json	DEBUG	Starting write
1506784975924	DeferredSave.addons.json	DEBUG	Write succeeded
1506784977048	addons.manager	DEBUG	Starting provider: <unnamed-provider>
1506784977048	addons.manager	DEBUG	Registering shutdown blocker for <unnamed-provider>
1506784977049	addons.manager	DEBUG	Provider finished startup: <unnamed-provider>

Build info: version: '2.53.0', revision: '35ae25b1534ae328c771e0856c93e187490ca824', time: '2016-03-15 10:43:46'
System info: host: 'LH7U05CG6504FXZ', ip: '192.168.0.5', os.name: 'Windows 7', os.arch: 'amd64', os.version: '6.1', java.version: '1.8.0_91'
Driver info: driver.version: FirefoxDriver
	at org.openqa.selenium.firefox.internal.NewProfileExtensionConnection.start(NewProfileExtensionConnection.java:125)
	at org.openqa.selenium.firefox.FirefoxDriver.startClient(FirefoxDriver.java:271)
	at org.openqa.selenium.remote.RemoteWebDriver.<init>(RemoteWebDriver.java:119)
	at org.openqa.selenium.firefox.FirefoxDriver.<init>(FirefoxDriver.java:216)
	at org.openqa.selenium.firefox.FirefoxDriver.<init>(FirefoxDriver.java:211)
	at org.openqa.selenium.firefox.FirefoxDriver.<init>(FirefoxDriver.java:207)
	at org.openqa.selenium.firefox.FirefoxDriver.<init>(FirefoxDriver.java:120)
	at pageHelpers.PageObjectBase.createAndGetDeviceDriver(PageObjectBase.java:106)
	at stepDefinitions.Hooks.intializeDriver(Hooks.java:23)
	at sun.reflect.NativeMethodAccessorImpl.invoke0(Native Method)
	at sun.reflect.NativeMethodAccessorImpl.invoke(NativeMethodAccessorImpl.java:62)
	at sun.reflect.DelegatingMethodAccessorImpl.invoke(DelegatingMethodAccessorImpl.java:43)
	at java.lang.reflect.Method.invoke(Method.java:498)
	at cucumber.runtime.Utils$1.call(Utils.java:37)
	at cucumber.runtime.Timeout.timeout(Timeout.java:13)
	at cucumber.runtime.Utils.invoke(Utils.java:31)
	at cucumber.runtime.java.JavaHookDefinition.execute(JavaHookDefinition.java:60)
	at cucumber.runtime.Runtime.runHookIfTagsMatch(Runtime.java:223)
	at cucumber.runtime.Runtime.runHooks(Runtime.java:211)
	at cucumber.runtime.Runtime.runBeforeHooks(Runtime.java:201)
	at cucumber.runtime.model.CucumberScenario.run(CucumberScenario.java:40)
	at cucumber.runtime.model.CucumberFeature.run(CucumberFeature.java:165)
	at cucumber.api.testng.TestNGCucumberRunner.runCucumber(TestNGCucumberRunner.java:63)
	... 25 more
Caused by: org.openqa.selenium.firefox.NotConnectedException: Unable to connect to host 127.0.0.1 on port 7055 after 45000 ms. Firefox console output:
ionsType":null,"aboutURL":null,"icons":{},"iconURL":null,"icon64URL":null,"defaultLocale":{"name":"Jabber Calls Add-on","description":"Initiate Jabber Calls from web page","creator":"Cisco Systems, Inc.","homepageURL":null},"visible":true,"active":false,"userDisabled":true,"appDisabled":false,"descriptor":"C:\\Program Files (x86)\\Cisco Systems\\Cisco Jabber\\Plugins\\Click2XPlugin\\jabber_calls_add_on-11.5.0002-fx-windows.xpi","installDate":1453830508000,"updateDate":1453830508000,"applyBackgroundUpdates":1,"bootstrap":true,"skinnable":false,"size":8519,"sourceURI":null,"releaseNotesURI":null,"softDisabled":false,"foreignInstall":true,"hasBinaryComponents":false,"strictCompatibility":false,"locales":[],"targetApplications":[{"id":"{ec8030f7-c20a-464f-9b0e-13a3a9e97384}","minVersion":"38.0a1","maxVersion":"43.0"}],"targetPlatforms":[],"multiprocessCompatible":false,"signedState":2,"seen":true,"dependencies":[],"hasEmbeddedWebExtension":false,"mpcOptedOut":false}
1506784974212	DeferredSave.extensions.json	DEBUG	Save changes
1506784974212	addons.xpi	DEBUG	Updating database with changes to installed add-ons
1506784974212	addons.xpi-utils	DEBUG	Updating add-on states
1506784974216	addons.xpi-utils	DEBUG	Writing add-ons list
1506784974225	addons.xpi	DEBUG	Registering manifest for C:\Program Files (x86)\Mozilla Firefox\browser\features\aushelper@mozilla.org.xpi
1506784974226	addons.xpi	DEBUG	Calling bootstrap method startup on aushelper@mozilla.org version 2.0
1506784974228	addons.xpi	DEBUG	Registering manifest for C:\Program Files (x86)\Mozilla Firefox\browser\features\e10srollout@mozilla.org.xpi
1506784974229	addons.xpi	DEBUG	Calling bootstrap method startup on e10srollout@mozilla.org version 1.10
1506784974229	addons.xpi	DEBUG	Registering manifest for C:\Program Files (x86)\Mozilla Firefox\browser\features\firefox@getpocket.com.xpi
1506784974230	addons.xpi	DEBUG	Calling bootstrap method startup on firefox@getpocket.com version 1.0.5
1506784974231	addons.xpi	DEBUG	Registering manifest for C:\Program Files (x86)\Mozilla Firefox\browser\features\webcompat@mozilla.org.xpi
1506784974232	addons.xpi	DEBUG	Calling bootstrap method startup on webcompat@mozilla.org version 1.0
1506784974235	addons.manager	DEBUG	Registering shutdown blocker for XPIProvider
1506784974235	addons.manager	DEBUG	Provider finished startup: XPIProvider
1506784974235	addons.manager	DEBUG	Starting provider: LightweightThemeManager
1506784974235	addons.manager	DEBUG	Registering shutdown blocker for LightweightThemeManager
1506784974236	addons.manager	DEBUG	Provider finished startup: LightweightThemeManager
1506784974236	addons.manager	DEBUG	Starting provider: GMPProvider
1506784974253	addons.manager	DEBUG	Registering shutdown blocker for GMPProvider
1506784974254	addons.manager	DEBUG	Provider finished startup: GMPProvider
1506784974254	addons.manager	DEBUG	Starting provider: PluginProvider
1506784974254	addons.manager	DEBUG	Registering shutdown blocker for PluginProvider
1506784974255	addons.manager	DEBUG	Provider finished startup: PluginProvider
1506784974255	addons.manager	DEBUG	Completed startup sequence
1506784975389	DeferredSave.extensions.json	DEBUG	Starting write
1506784975600	addons.repository	DEBUG	No addons.json found.
1506784975602	DeferredSave.addons.json	DEBUG	Save changes
1506784975608	DeferredSave.addons.json	DEBUG	Starting timer
1506784975634	addons.manager	DEBUG	Starting provider: PreviousExperimentProvider
1506784975634	addons.manager	DEBUG	Registering shutdown blocker for PreviousExperimentProvider
1506784975634	addons.manager	DEBUG	Provider finished startup: PreviousExperimentProvider
1506784975636	DeferredSave.extensions.json	DEBUG	Write succeeded
1506784975663	DeferredSave.addons.json	DEBUG	Starting write
1506784975924	DeferredSave.addons.json	DEBUG	Write succeeded
1506784977048	addons.manager	DEBUG	Starting provider: <unnamed-provider>
1506784977048	addons.manager	DEBUG	Registering shutdown blocker for <unnamed-provider>
1506784977049	addons.manager	DEBUG	Provider finished startup: <unnamed-provider>

	at org.openqa.selenium.firefox.internal.NewProfileExtensionConnection.start(NewProfileExtensionConnection.java:113)
	... 47 more
]]>
    </error>
  </testcase> <!-- feature -->
</testsuite> <!-- runners.RunDemoTest -->
