<?xml version="1.0" encoding="UTF-8"?>
<!-- Generated by org.testng.reporters.JUnitReportReporter -->
<<<<<<< HEAD
<testsuite hostname="VE7D00008846" name="com.atdd.demo.runners.RunDemoTest" tests="1" failures="0" timestamp="4 Sep 2018 07:53:46 GMT" time="1358.162" errors="0">
  <testcase name="feature" time="1358.162" classname="com.atdd.demo.runners.RunDemoTest"/>
=======
<testsuite hostname="VE7D00008846" name="com.atdd.demo.runners.RunDemoTest" tests="1" failures="0" timestamp="4 Sep 2018 11:05:19 GMT" time="24.719" errors="0">
  <testcase name="feature" time="24.719" classname="com.atdd.demo.runners.RunDemoTest"/>
>>>>>>> af5c398ad1a9fa9ec869dfe53476096bc1b855b4
</testsuite> <!-- com.atdd.demo.runners.RunDemoTest -->
