<?xml version="1.0" encoding="UTF-8"?>
<!-- Generated by org.testng.reporters.JUnitReportReporter -->
<testsuite hostname="LH7U05CG7350JSR" name="com.atdd.demo.runners.RunDemoTest" tests="1" failures="0" timestamp="26 Nov 2018 14:21:24 GMT" time="0.002" errors="1">
  <testcase name="feature" time="0.002" classname="com.atdd.demo.runners.RunDemoTest">
    <error type="org.testng.TestNGException" message="
Parameter &#039;configFile&#039; is required by @Configuration on method setup but has not been marked @Optional or defined
in C:\Users\mvenka29\AppData\Local\Temp\testng-eclipse-1243300317\testng-customsuite.xml">
      <![CDATA[org.testng.TestNGException: 
Parameter 'configFile' is required by @Configuration on method setup but has not been marked @Optional or defined
in C:\Users\mvenka29\AppData\Local\Temp\testng-eclipse-1243300317\testng-customsuite.xml
	at org.testng.internal.Parameters.createParameters(Parameters.java:154)
	at org.testng.internal.Parameters.createParameters(Parameters.java:361)
	at org.testng.internal.Parameters.createConfigurationParameters(Parameters.java:84)
	at org.testng.internal.Invoker.invokeConfigurations(Invoker.java:197)
	at org.testng.internal.Invoker.invokeConfigurations(Invoker.java:138)
	at org.testng.internal.TestMethodWorker.invokeBeforeClassMethods(TestMethodWorker.java:170)
	at org.testng.internal.TestMethodWorker.run(TestMethodWorker.java:104)
	at org.testng.TestRunner.privateRun(TestRunner.java:774)
	at org.testng.TestRunner.run(TestRunner.java:624)
	at org.testng.SuiteRunner.runTest(SuiteRunner.java:359)
	at org.testng.SuiteRunner.runSequentially(SuiteRunner.java:354)
	at org.testng.SuiteRunner.privateRun(SuiteRunner.java:312)
	at org.testng.SuiteRunner.run(SuiteRunner.java:261)
	at org.testng.SuiteRunnerWorker.runSuite(SuiteRunnerWorker.java:52)
	at org.testng.SuiteRunnerWorker.run(SuiteRunnerWorker.java:86)
	at org.testng.TestNG.runSuitesSequentially(TestNG.java:1215)
	at org.testng.TestNG.runSuitesLocally(TestNG.java:1140)
	at org.testng.TestNG.run(TestNG.java:1048)
	at org.testng.remote.AbstractRemoteTestNG.run(AbstractRemoteTestNG.java:126)
	at org.testng.remote.RemoteTestNG.initAndRun(RemoteTestNG.java:137)
	at org.testng.remote.RemoteTestNG.main(RemoteTestNG.java:58)
]]>
    </error>
  </testcase> <!-- feature -->
</testsuite> <!-- com.atdd.demo.runners.RunDemoTest -->
