<?xml version="1.0" encoding="UTF-8"?>
<!-- Generated by org.testng.reporters.JUnitReportReporter -->
<testsuite hostname="VE7D00008846" name="com.atdd.demo.runners.RunDemoTest" tests="1" failures="0" timestamp="16 Jul 2018 14:47:49 GMT" time="37.869" errors="0">
  <testcase name="feature" time="37.869" classname="com.atdd.demo.runners.RunDemoTest"/>
</testsuite> <!-- com.atdd.demo.runners.RunDemoTest -->
