<?xml version="1.0" encoding="UTF-8"?>
<!-- Generated by org.testng.reporters.JUnitReportReporter -->
<testsuite hostname="VE7D00008846" name="com.atdd.demo.runners.RunDemoTest" tests="1" failures="0" timestamp="21 Dec 2018 12:05:55 GMT" time="212.352" errors="1">
  <testcase name="feature" time="212.352" classname="com.atdd.demo.runners.RunDemoTest">
    <error type="cucumber.runtime.CucumberException" message="java.lang.AssertionError: The text R does not match on the screen.Screenshot captured.">
      <![CDATA[cucumber.runtime.CucumberException: java.lang.AssertionError: The text R does not match on the screen.Screenshot captured.
	at cucumber.api.testng.TestNGCucumberRunner.runCucumber(TestNGCucumberRunner.java:69)
	at cucumber.api.testng.AbstractTestNGCucumberTests.feature(AbstractTestNGCucumberTests.java:21)
	at sun.reflect.NativeMethodAccessorImpl.invoke0(Native Method)
	at sun.reflect.NativeMethodAccessorImpl.invoke(NativeMethodAccessorImpl.java:62)
	at sun.reflect.DelegatingMethodAccessorImpl.invoke(DelegatingMethodAccessorImpl.java:43)
	at java.lang.reflect.Method.invoke(Method.java:498)
	at org.testng.internal.MethodInvocationHelper.invokeMethod(MethodInvocationHelper.java:85)
	at org.testng.internal.Invoker.invokeMethod(Invoker.java:639)
	at org.testng.internal.Invoker.invokeTestMethod(Invoker.java:816)
	at org.testng.internal.Invoker.invokeTestMethods(Invoker.java:1124)
	at org.testng.internal.TestMethodWorker.invokeTestMethods(TestMethodWorker.java:125)
	at org.testng.internal.TestMethodWorker.run(TestMethodWorker.java:108)
	at org.testng.TestRunner.privateRun(TestRunner.java:774)
	at org.testng.TestRunner.run(TestRunner.java:624)
	at org.testng.SuiteRunner.runTest(SuiteRunner.java:359)
	at org.testng.SuiteRunner.runSequentially(SuiteRunner.java:354)
	at org.testng.SuiteRunner.privateRun(SuiteRunner.java:312)
	at org.testng.SuiteRunner.run(SuiteRunner.java:261)
	at org.testng.SuiteRunnerWorker.runSuite(SuiteRunnerWorker.java:52)
	at org.testng.SuiteRunnerWorker.run(SuiteRunnerWorker.java:86)
	at org.testng.TestNG.runSuitesSequentially(TestNG.java:1215)
	at org.testng.TestNG.runSuitesLocally(TestNG.java:1140)
	at org.testng.TestNG.run(TestNG.java:1048)
	at org.testng.remote.AbstractRemoteTestNG.run(AbstractRemoteTestNG.java:126)
	at org.testng.remote.RemoteTestNG.initAndRun(RemoteTestNG.java:137)
	at org.testng.remote.RemoteTestNG.main(RemoteTestNG.java:58)
Caused by: java.lang.AssertionError: The text R does not match on the screen.Screenshot captured.
	at org.testng.Assert.fail(Assert.java:94)
	at com.optumrx.autofusion.core.te.util.Mainframe_GlobalFunctionLib.validateText(Mainframe_GlobalFunctionLib.java:231)
	at com.atdd.te.screenHelpers.FunctionalLibrary.validateText(FunctionalLibrary.java:1981)
	at com.atdd.demo.te.stepdefinitons.CreateorSubmitTransaction.validate_Claim_Status_is(CreateorSubmitTransaction.java:20)
	at âœ½.Then Validate Claim Status is "R"(features/RxClaim/featureFiles/SN003419/SN003419_TC_01_64.feature:24)
]]>
    </error>
  </testcase> <!-- feature -->
</testsuite> <!-- com.atdd.demo.runners.RunDemoTest -->
