<?xml version="1.0" encoding="UTF-8"?>
<!-- Generated by org.testng.reporters.JUnitReportReporter -->
<testsuite hostname="LH7U05CG6504FXZ" name="com.atdd.demo.runners.RunMobileTest" tests="1" failures="0" timestamp="4 Jan 2018 05:50:20 GMT" time="12.190" errors="0">
  <testcase name="feature" time="12.190" classname="com.atdd.demo.runners.RunMobileTest"/>
</testsuite> <!-- com.atdd.demo.runners.RunMobileTest -->
