<?xml version="1.0" encoding="UTF-8"?>
<!-- Generated by org.testng.reporters.JUnitReportReporter -->
<<<<<<< HEAD
<testsuite hostname="VE7D00008846" name="com.atdd.demo.runners.RunDemoTest" tests="1" failures="0" timestamp="20 Sep 2018 18:34:40 GMT" time="109.171" errors="1">
  <testcase name="feature" time="109.171" classname="com.atdd.demo.runners.RunDemoTest">
    <error type="cucumber.runtime.CucumberException" message="java.lang.AssertionError: The text Date Thru cannot be more than one day less than Date From. does not match on the screen.Screenshot captured.">
      <![CDATA[cucumber.runtime.CucumberException: java.lang.AssertionError: The text Date Thru cannot be more than one day less than Date From. does not match on the screen.Screenshot captured.
	at cucumber.api.testng.TestNGCucumberRunner.runCucumber(TestNGCucumberRunner.java:69)
	at cucumber.api.testng.AbstractTestNGCucumberTests.feature(AbstractTestNGCucumberTests.java:21)
	at sun.reflect.NativeMethodAccessorImpl.invoke0(Native Method)
	at sun.reflect.NativeMethodAccessorImpl.invoke(NativeMethodAccessorImpl.java:62)
	at sun.reflect.DelegatingMethodAccessorImpl.invoke(DelegatingMethodAccessorImpl.java:43)
	at java.lang.reflect.Method.invoke(Method.java:498)
	at org.testng.internal.MethodInvocationHelper.invokeMethod(MethodInvocationHelper.java:85)
	at org.testng.internal.Invoker.invokeMethod(Invoker.java:639)
	at org.testng.internal.Invoker.invokeTestMethod(Invoker.java:816)
	at org.testng.internal.Invoker.invokeTestMethods(Invoker.java:1124)
	at org.testng.internal.TestMethodWorker.invokeTestMethods(TestMethodWorker.java:125)
	at org.testng.internal.TestMethodWorker.run(TestMethodWorker.java:108)
	at org.testng.TestRunner.privateRun(TestRunner.java:774)
	at org.testng.TestRunner.run(TestRunner.java:624)
	at org.testng.SuiteRunner.runTest(SuiteRunner.java:359)
	at org.testng.SuiteRunner.runSequentially(SuiteRunner.java:354)
	at org.testng.SuiteRunner.privateRun(SuiteRunner.java:312)
	at org.testng.SuiteRunner.run(SuiteRunner.java:261)
	at org.testng.SuiteRunnerWorker.runSuite(SuiteRunnerWorker.java:52)
	at org.testng.SuiteRunnerWorker.run(SuiteRunnerWorker.java:86)
	at org.testng.TestNG.runSuitesSequentially(TestNG.java:1215)
	at org.testng.TestNG.runSuitesLocally(TestNG.java:1140)
	at org.testng.TestNG.run(TestNG.java:1048)
	at org.testng.remote.AbstractRemoteTestNG.run(AbstractRemoteTestNG.java:126)
	at org.testng.remote.RemoteTestNG.initAndRun(RemoteTestNG.java:137)
	at org.testng.remote.RemoteTestNG.main(RemoteTestNG.java:58)
Caused by: java.lang.AssertionError: The text Date Thru cannot be more than one day less than Date From. does not match on the screen.Screenshot captured.
	at org.testng.Assert.fail(Assert.java:94)
	at com.optumrx.autofusion.core.te.util.Mainframe_GlobalFunctionLib.validateText(Mainframe_GlobalFunctionLib.java:231)
	at com.atdd.te.screenHelpers.FunctionalLibrary.validateText(FunctionalLibrary.java:1900)
	at com.atdd.demo.te.stepdefinitons.SR_41709.verify_Thru_Date_New_error_message_on_Plan_Biosimilar_Product_List_Create_Record_Detail_screen(SR_41709.java:935)
	at âœ½.Then Verify Thru Date New error message on Plan Biosimilar Product List Create Record Detail screen  "10199","Date Thru cannot be more than one day less than Date From."(features/RxClaim/featureFiles/SR41709/SR41709_TC01-TC130.feature:691)
]]>
    </error>
  </testcase> <!-- feature -->
=======
<<<<<<< HEAD
<testsuite hostname="VE7D00008846" name="com.atdd.demo.runners.RunDemoTest" tests="1" failures="0" timestamp="4 Sep 2018 07:53:46 GMT" time="1358.162" errors="0">
  <testcase name="feature" time="1358.162" classname="com.atdd.demo.runners.RunDemoTest"/>
=======
<testsuite hostname="VE7D00008846" name="com.atdd.demo.runners.RunDemoTest" tests="1" failures="0" timestamp="4 Sep 2018 11:05:19 GMT" time="24.719" errors="0">
  <testcase name="feature" time="24.719" classname="com.atdd.demo.runners.RunDemoTest"/>
>>>>>>> af5c398ad1a9fa9ec869dfe53476096bc1b855b4
>>>>>>> f0f2c4dc0e631436fb939c182ee20b42f31e3412
</testsuite> <!-- com.atdd.demo.runners.RunDemoTest -->
